d:\projects\ppractica\x64\debug\app.inputdata.resources
d:\projects\ppractica\x64\debug\app.myform.resources
d:\projects\ppractica\x64\debug\vc142.pdb
d:\projects\ppractica\x64\debug\.netframework,version=v4.7.2.assemblyattributes.obj
d:\projects\ppractica\x64\debug\recursion.obj
d:\projects\ppractica\x64\debug\myform.obj
d:\projects\ppractica\x64\debug\myclasses.obj
d:\projects\ppractica\x64\debug\inputdata.obj
d:\projects\ppractica\x64\debug\labirint.obj
d:\projects\ppractica\x64\debug\app.exe
d:\projects\ppractica\x64\debug\app.pdb
d:\projects\ppractica\x64\debug\app.exe.metagen
d:\projects\ppractica\x64\debug\app.tlog\app.write.1u.tlog
d:\projects\ppractica\x64\debug\app.tlog\cl.command.1.tlog
d:\projects\ppractica\x64\debug\app.tlog\cl.read.1.tlog
d:\projects\ppractica\x64\debug\app.tlog\cl.write.1.tlog
d:\projects\ppractica\x64\debug\app.tlog\link.command.1.tlog
d:\projects\ppractica\x64\debug\app.tlog\link.read.1.tlog
d:\projects\ppractica\x64\debug\app.tlog\link.write.1.tlog
d:\projects\ppractica\x64\debug\app.tlog\metagen.read.1.tlog
d:\projects\ppractica\x64\debug\app.tlog\metagen.write.1.tlog
